INFO 0.01800 Logging facilities started..
INFO 0.04100 resonanz-engine: starting..
INFO 0.05200 engine_loop() started
INFO 0.05200 Starting SDL init (0)..
INFO 0.05200 Starting SDL subsystem init (video, audio, events)..
INFO 1.83900 Starting SDL_Init(VIDEO) done..
INFO 2.65800 Starting SDL_Init(AUDIO) done..
INFO 2.65800 Starting SDL_Init(EVENTS) done..
INFO 2.65800 Starting SDL_GetCurrentDisplayMode() done..
INFO 2.65800 Starting TTF_Init() done..
INFO 2.67400 Starting IMG_Init() done..
INFO 2.67500 Created sound synthesizer and capture objects..
INFO 2.80600 Starting Mix_Init() done..
INFO 2.95600 SDL initialization.. SUCCESSFUL
INFO 2.95600 checking command
INFO 2.95600 resonanz-engine: sleeping..
INFO 2.95700 eeg No EEG device 0.50
INFO 2.95700 checking command
INFO 2.95700 resonanz-engine: sleeping..
INFO 2.95700 eeg No EEG device 0.50
INFO 3.00700 checking command
INFO 3.00700 resonanz-engine: sleeping..
INFO 3.00700 eeg No EEG device 0.50
INFO 3.05800 resonanz-engine::setParameter: use-bayesian-nnetwork = true
INFO 3.05800 resonanz-engine::setParameter: use-data-rbf = true
INFO 3.05800 resonanz-engine::setParameter: use-bayesian-nnetwork = false
INFO 3.05800 resonanz-engine::setParameter: use-data-rbf = false
INFO 3.05800 resonanz-engine::setParameter: pca-preprocess = false
INFO 3.05800 resonanz-engine::setParameter: fullscreen = false
INFO 3.05800 resonanz-engine::setParameter: loop = false
INFO 3.05800 resonanz-engine::setParameter: optimize-synth-only = false
INFO 3.05800 checking command
INFO 3.05800 new engine command received
INFO 3.23100 resonanz-engine: loading media files..
INFO 3.24300 resonanz-engine: loading media files (0.0%)..
INFO 3.30500 resonanz-engine: loading media files (16.7%)..
INFO 3.35400 resonanz-engine: loading media files (33.3%)..
INFO 3.40300 resonanz-engine: loading media files (50.0%)..
INFO 3.44400 resonanz-engine: loading media files (66.7%)..
INFO 3.47900 resonanz-engine: loading media files (83.3%)..
INFO 3.51600 loading media files successful (12 keywords, 6 pics)
INFO 3.51600 resonanz-engine: starting sound synthesis..
INFO 3.52300 starting sound synthesis..OK
INFO 3.52300 resonanz-engine: showing random examples..
INFO 3.52700 eeg Interaxon Muse : no connection to hardware
INFO 3.52700 checking command
INFO 3.52700 resonanz-engine: showing random examples..
INFO 3.53300 eeg Interaxon Muse : no connection to hardware
INFO 3.55300 checking command
INFO 3.55300 resonanz-engine: showing random examples..
INFO 3.55600 eeg Interaxon Muse : no connection to hardware
INFO 3.60700 checking command
INFO 3.60700 resonanz-engine: showing random examples..
INFO 3.61000 eeg Interaxon Muse : no connection to hardware
INFO 3.66000 checking command
INFO 3.66000 resonanz-engine: showing random examples..
INFO 3.66300 eeg Interaxon Muse : no connection to hardware
INFO 3.70300 checking command
INFO 3.70300 resonanz-engine: showing random examples..
INFO 3.70600 eeg Interaxon Muse : no connection to hardware
INFO 3.75700 checking command
INFO 3.75700 resonanz-engine: showing random examples..
INFO 3.76000 eeg Interaxon Muse : no connection to hardware
INFO 3.81000 checking command
INFO 3.81000 resonanz-engine: showing random examples..
INFO 3.81300 eeg Interaxon Muse : no connection to hardware
INFO 3.85400 checking command
INFO 3.85400 resonanz-engine: showing random examples..
INFO 3.85700 eeg Interaxon Muse : no connection to hardware
INFO 3.90700 checking command
INFO 3.90700 resonanz-engine: showing random examples..
INFO 3.91000 eeg Interaxon Muse : no connection to hardware
INFO 3.96100 checking command
INFO 3.96100 resonanz-engine: showing random examples..
INFO 3.96300 eeg Interaxon Muse : no connection to hardware
INFO 4.00400 checking command
INFO 4.00400 resonanz-engine: showing random examples..
INFO 4.00700 eeg Interaxon Muse : no connection to hardware
INFO 4.05700 checking command
INFO 4.05700 resonanz-engine: showing random examples..
INFO 4.06000 eeg Interaxon Muse : no connection to hardware
INFO 4.11100 checking command
INFO 4.11100 resonanz-engine: showing random examples..
INFO 4.11400 eeg Interaxon Muse : no connection to hardware
INFO 4.15400 checking command
INFO 4.15400 resonanz-engine: showing random examples..
INFO 4.15800 eeg Interaxon Muse : no connection to hardware
INFO 4.20800 checking command
INFO 4.20800 resonanz-engine: showing random examples..
INFO 4.21100 eeg Interaxon Muse : no connection to hardware
INFO 4.25200 checking command
INFO 4.25200 resonanz-engine: showing random examples..
INFO 4.25500 eeg Interaxon Muse : no connection to hardware
INFO 4.30500 checking command
INFO 4.30500 resonanz-engine: showing random examples..
INFO 4.30800 eeg Interaxon Muse : no connection to hardware
INFO 4.35900 checking command
INFO 4.35900 resonanz-engine: showing random examples..
INFO 4.36200 Received keypress: stopping command..
INFO 4.36200 eeg Interaxon Muse : no connection to hardware
INFO 4.40200 checking command
INFO 4.40200 new engine command received
INFO 4.40200 stop synth
INFO 4.40300 resonanz-engine: sleeping..
INFO 4.40300 eeg Interaxon Muse : no connection to hardware
INFO 4.45400 checking command
INFO 4.45400 resonanz-engine: sleeping..
INFO 4.45400 eeg Interaxon Muse : no connection to hardware
INFO 4.50400 checking command
INFO 4.50400 resonanz-engine: sleeping..
INFO 4.50400 eeg Interaxon Muse : no connection to hardware
INFO 4.55500 checking command
INFO 4.55500 resonanz-engine: sleeping..
INFO 4.55500 eeg Interaxon Muse : no connection to hardware
INFO 4.60500 checking command
INFO 4.60500 resonanz-engine: sleeping..
INFO 4.60500 eeg Interaxon Muse : no connection to hardware
INFO 4.65600 checking command
INFO 4.65600 resonanz-engine: sleeping..
INFO 4.65600 eeg Interaxon Muse : no connection to hardware
INFO 4.70600 checking command
INFO 4.70600 resonanz-engine: sleeping..
INFO 4.70600 eeg Interaxon Muse : no connection to hardware
INFO 4.75700 checking command
INFO 4.75700 resonanz-engine: sleeping..
INFO 4.75700 eeg Interaxon Muse : no connection to hardware
INFO 4.80700 checking command
INFO 4.80700 resonanz-engine: sleeping..
INFO 4.80700 eeg Interaxon Muse : no connection to hardware
INFO 4.85700 checking command
INFO 4.85800 resonanz-engine: sleeping..
INFO 4.85800 eeg Interaxon Muse : no connection to hardware
INFO 4.90800 checking command
INFO 4.90800 resonanz-engine: sleeping..
INFO 4.90800 eeg Interaxon Muse : no connection to hardware
INFO 4.95900 checking command
INFO 4.95900 resonanz-engine: sleeping..
INFO 4.95900 eeg Interaxon Muse : no connection to hardware
INFO 5.00900 checking command
INFO 5.00900 resonanz-engine: sleeping..
INFO 5.00900 eeg Interaxon Muse : no connection to hardware
INFO 5.06000 checking command
INFO 5.06000 new engine command received
INFO 5.06000 resonanz-engine: sleeping..
INFO 5.06000 eeg Interaxon Muse : no connection to hardware
INFO 5.11000 checking command
INFO 5.11000 resonanz-engine: sleeping..
INFO 5.11000 eeg Interaxon Muse : no connection to hardware
INFO 5.16100 checking command
INFO 5.16100 resonanz-engine: sleeping..
INFO 5.16100 eeg Interaxon Muse : no connection to hardware
INFO 5.21100 checking command
INFO 5.21100 resonanz-engine: sleeping..
INFO 5.21100 eeg Interaxon Muse : no connection to hardware
INFO 5.25100 checking command
INFO 5.25100 resonanz-engine: sleeping..
INFO 5.25100 eeg Interaxon Muse : no connection to hardware
INFO 5.30200 checking command
INFO 5.30200 resonanz-engine: sleeping..
INFO 5.30200 eeg Interaxon Muse : no connection to hardware
INFO 5.35300 checking command
INFO 5.35300 resonanz-engine: sleeping..
INFO 5.35300 eeg Interaxon Muse : no connection to hardware
INFO 5.40300 checking command
INFO 5.40300 resonanz-engine: sleeping..
INFO 5.40300 eeg Interaxon Muse : no connection to hardware
INFO 5.45400 checking command
INFO 5.45400 resonanz-engine: sleeping..
INFO 5.45400 eeg Interaxon Muse : no connection to hardware
INFO 5.50400 checking command
INFO 5.50400 resonanz-engine: sleeping..
INFO 5.50400 eeg Interaxon Muse : no connection to hardware
INFO 5.55500 checking command
INFO 5.55500 resonanz-engine: sleeping..
INFO 5.55500 eeg Interaxon Muse : no connection to hardware
INFO 5.60500 checking command
INFO 5.60500 resonanz-engine: sleeping..
INFO 5.60500 eeg Interaxon Muse : no connection to hardware
INFO 5.65600 checking command
INFO 5.65600 resonanz-engine: sleeping..
INFO 5.65600 eeg Interaxon Muse : no connection to hardware
INFO 5.70600 checking command
INFO 5.70600 resonanz-engine: sleeping..
INFO 5.70600 eeg Interaxon Muse : no connection to hardware
INFO 5.75700 checking command
INFO 5.75700 resonanz-engine: sleeping..
INFO 5.75700 eeg Interaxon Muse : no connection to hardware
INFO 5.80700 checking command
INFO 5.80700 resonanz-engine: sleeping..
INFO 5.80700 eeg Interaxon Muse : no connection to hardware
INFO 5.85800 checking command
INFO 5.85800 resonanz-engine: sleeping..
INFO 5.85800 eeg Interaxon Muse : no connection to hardware
INFO 5.90800 checking command
INFO 5.90800 resonanz-engine: sleeping..
INFO 5.90800 eeg Interaxon Muse : no connection to hardware
INFO 5.95900 checking command
INFO 5.95900 resonanz-engine: sleeping..
INFO 5.95900 eeg Interaxon Muse : no connection to hardware
INFO 6.00900 checking command
INFO 6.01000 resonanz-engine: sleeping..
INFO 6.01000 eeg Interaxon Muse : no connection to hardware
INFO 6.05800 resonanz-engine: shutdown..
INFO 6.06000 checking command
INFO 6.06000 resonanz-engine: sleeping..
INFO 6.06000 eeg Interaxon Muse : no connection to hardware
INFO 6.06400 SDL deinitialization..
INFO 6.33000 SDL deinitialization.. DONE
INFO 7.05800 resonanz-engine: halted
INFO 7.05800 Shutdown? Logging class destroyed.
